<?xml version="1.0" encoding="UTF-8"?>
<testsuite xmlns:xsi="http://www.w3.org/2001/XMLSchema-instance" xsi:noNamespaceSchemaLocation="https://maven.apache.org/surefire/maven-surefire-plugin/xsd/surefire-test-report-3.0.xsd" version="3.0" name="runners.TestRunner" time="14.811" tests="6" errors="4" skipped="2" failures="0">
  <properties>
    <property name="java.specification.version" value="17"/>
    <property name="sun.cpu.isalist" value="amd64"/>
    <property name="sun.jnu.encoding" value="Cp1252"/>
    <property name="java.class.path" value="C:\Users\cpercic\IdeaProjects\OrangeHRMPlaywrights\target\test-classes;C:\Users\cpercic\IdeaProjects\OrangeHRMPlaywrights\target\classes;C:\Users\cpercic\.m2\repository\io\cucumber\cucumber-java\7.22.0\cucumber-java-7.22.0.jar;C:\Users\cpercic\.m2\repository\io\cucumber\cucumber-core\7.22.0\cucumber-core-7.22.0.jar;C:\Users\cpercic\.m2\repository\io\cucumber\cucumber-gherkin\7.22.0\cucumber-gherkin-7.22.0.jar;C:\Users\cpercic\.m2\repository\io\cucumber\cucumber-gherkin-messages\7.22.0\cucumber-gherkin-messages-7.22.0.jar;C:\Users\cpercic\.m2\repository\io\cucumber\gherkin\32.1.0\gherkin-32.1.0.jar;C:\Users\cpercic\.m2\repository\io\cucumber\messages\27.2.0\messages-27.2.0.jar;C:\Users\cpercic\.m2\repository\io\cucumber\testng-xml-formatter\0.3.1\testng-xml-formatter-0.3.1.jar;C:\Users\cpercic\.m2\repository\io\cucumber\query\13.2.0\query-13.2.0.jar;C:\Users\cpercic\.m2\repository\io\cucumber\tag-expressions\6.1.2\tag-expressions-6.1.2.jar;C:\Users\cpercic\.m2\repository\io\cucumber\cucumber-expressions\18.0.1\cucumber-expressions-18.0.1.jar;C:\Users\cpercic\.m2\repository\io\cucumber\datatable\7.22.0\datatable-7.22.0.jar;C:\Users\cpercic\.m2\repository\io\cucumber\cucumber-plugin\7.22.0\cucumber-plugin-7.22.0.jar;C:\Users\cpercic\.m2\repository\io\cucumber\docstring\7.22.0\docstring-7.22.0.jar;C:\Users\cpercic\.m2\repository\io\cucumber\html-formatter\21.10.0\html-formatter-21.10.0.jar;C:\Users\cpercic\.m2\repository\io\cucumber\junit-xml-formatter\0.7.1\junit-xml-formatter-0.7.1.jar;C:\Users\cpercic\.m2\repository\io\cucumber\ci-environment\10.0.1\ci-environment-10.0.1.jar;C:\Users\cpercic\.m2\repository\org\apiguardian\apiguardian-api\1.1.2\apiguardian-api-1.1.2.jar;C:\Users\cpercic\.m2\repository\io\cucumber\cucumber-junit-platform-engine\7.22.0\cucumber-junit-platform-engine-7.22.0.jar;C:\Users\cpercic\.m2\repository\org\junit\platform\junit-platform-engine\1.12.1\junit-platform-engine-1.12.1.jar;C:\Users\cpercic\.m2\repository\org\junit\platform\junit-platform-suite\1.12.2\junit-platform-suite-1.12.2.jar;C:\Users\cpercic\.m2\repository\org\junit\platform\junit-platform-suite-api\1.12.2\junit-platform-suite-api-1.12.2.jar;C:\Users\cpercic\.m2\repository\org\junit\platform\junit-platform-suite-engine\1.12.2\junit-platform-suite-engine-1.12.2.jar;C:\Users\cpercic\.m2\repository\org\junit\platform\junit-platform-suite-commons\1.12.2\junit-platform-suite-commons-1.12.2.jar;C:\Users\cpercic\.m2\repository\org\junit\platform\junit-platform-launcher\1.12.2\junit-platform-launcher-1.12.2.jar;C:\Users\cpercic\.m2\repository\org\junit\jupiter\junit-jupiter-api\5.12.2\junit-jupiter-api-5.12.2.jar;C:\Users\cpercic\.m2\repository\org\opentest4j\opentest4j\1.3.0\opentest4j-1.3.0.jar;C:\Users\cpercic\.m2\repository\org\junit\platform\junit-platform-commons\1.12.2\junit-platform-commons-1.12.2.jar;C:\Users\cpercic\.m2\repository\io\cucumber\cucumber-picocontainer\7.22.0\cucumber-picocontainer-7.22.0.jar;C:\Users\cpercic\.m2\repository\org\picocontainer\picocontainer\2.15.2\picocontainer-2.15.2.jar;C:\Users\cpercic\.m2\repository\com\microsoft\playwright\playwright\1.51.0\playwright-1.51.0.jar;C:\Users\cpercic\.m2\repository\com\google\code\gson\gson\2.12.1\gson-2.12.1.jar;C:\Users\cpercic\.m2\repository\com\google\errorprone\error_prone_annotations\2.36.0\error_prone_annotations-2.36.0.jar;C:\Users\cpercic\.m2\repository\com\microsoft\playwright\driver\1.51.0\driver-1.51.0.jar;C:\Users\cpercic\.m2\repository\com\microsoft\playwright\driver-bundle\1.51.0\driver-bundle-1.51.0.jar;C:\Users\cpercic\.m2\repository\junit\junit\4.13.2\junit-4.13.2.jar;C:\Users\cpercic\.m2\repository\org\hamcrest\hamcrest-core\1.3\hamcrest-core-1.3.jar;C:\Users\cpercic\.m2\repository\org\apache\logging\log4j\log4j-core\2.24.3\log4j-core-2.24.3.jar;C:\Users\cpercic\.m2\repository\org\apache\logging\log4j\log4j-api\2.24.3\log4j-api-2.24.3.jar;"/>
    <property name="java.vm.vendor" value="Eclipse Adoptium"/>
    <property name="sun.arch.data.model" value="64"/>
    <property name="user.variant" value=""/>
    <property name="java.vendor.url" value="https://adoptium.net/"/>
    <property name="user.timezone" value="Europe/Chisinau"/>
    <property name="os.name" value="Windows 11"/>
    <property name="java.vm.specification.version" value="17"/>
    <property name="sun.java.launcher" value="SUN_STANDARD"/>
    <property name="user.country" value="US"/>
    <property name="sun.boot.library.path" value="C:\Tools\jdk-17.0.14+7\bin"/>
    <property name="sun.java.command" value="C:\Endava\EndevLocal\AppData\Local\Temp\surefire6426738256894438859\surefirebooter-20250513105303387_3.jar C:\Endava\EndevLocal\AppData\Local\Temp\surefire6426738256894438859 2025-05-13T10-53-03_061-jvmRun1 surefire-20250513105303387_1tmp surefire_0-20250513105303387_2tmp"/>
    <property name="jdk.debug" value="release"/>
    <property name="surefire.test.class.path" value="C:\Users\cpercic\IdeaProjects\OrangeHRMPlaywrights\target\test-classes;C:\Users\cpercic\IdeaProjects\OrangeHRMPlaywrights\target\classes;C:\Users\cpercic\.m2\repository\io\cucumber\cucumber-java\7.22.0\cucumber-java-7.22.0.jar;C:\Users\cpercic\.m2\repository\io\cucumber\cucumber-core\7.22.0\cucumber-core-7.22.0.jar;C:\Users\cpercic\.m2\repository\io\cucumber\cucumber-gherkin\7.22.0\cucumber-gherkin-7.22.0.jar;C:\Users\cpercic\.m2\repository\io\cucumber\cucumber-gherkin-messages\7.22.0\cucumber-gherkin-messages-7.22.0.jar;C:\Users\cpercic\.m2\repository\io\cucumber\gherkin\32.1.0\gherkin-32.1.0.jar;C:\Users\cpercic\.m2\repository\io\cucumber\messages\27.2.0\messages-27.2.0.jar;C:\Users\cpercic\.m2\repository\io\cucumber\testng-xml-formatter\0.3.1\testng-xml-formatter-0.3.1.jar;C:\Users\cpercic\.m2\repository\io\cucumber\query\13.2.0\query-13.2.0.jar;C:\Users\cpercic\.m2\repository\io\cucumber\tag-expressions\6.1.2\tag-expressions-6.1.2.jar;C:\Users\cpercic\.m2\repository\io\cucumber\cucumber-expressions\18.0.1\cucumber-expressions-18.0.1.jar;C:\Users\cpercic\.m2\repository\io\cucumber\datatable\7.22.0\datatable-7.22.0.jar;C:\Users\cpercic\.m2\repository\io\cucumber\cucumber-plugin\7.22.0\cucumber-plugin-7.22.0.jar;C:\Users\cpercic\.m2\repository\io\cucumber\docstring\7.22.0\docstring-7.22.0.jar;C:\Users\cpercic\.m2\repository\io\cucumber\html-formatter\21.10.0\html-formatter-21.10.0.jar;C:\Users\cpercic\.m2\repository\io\cucumber\junit-xml-formatter\0.7.1\junit-xml-formatter-0.7.1.jar;C:\Users\cpercic\.m2\repository\io\cucumber\ci-environment\10.0.1\ci-environment-10.0.1.jar;C:\Users\cpercic\.m2\repository\org\apiguardian\apiguardian-api\1.1.2\apiguardian-api-1.1.2.jar;C:\Users\cpercic\.m2\repository\io\cucumber\cucumber-junit-platform-engine\7.22.0\cucumber-junit-platform-engine-7.22.0.jar;C:\Users\cpercic\.m2\repository\org\junit\platform\junit-platform-engine\1.12.1\junit-platform-engine-1.12.1.jar;C:\Users\cpercic\.m2\repository\org\junit\platform\junit-platform-suite\1.12.2\junit-platform-suite-1.12.2.jar;C:\Users\cpercic\.m2\repository\org\junit\platform\junit-platform-suite-api\1.12.2\junit-platform-suite-api-1.12.2.jar;C:\Users\cpercic\.m2\repository\org\junit\platform\junit-platform-suite-engine\1.12.2\junit-platform-suite-engine-1.12.2.jar;C:\Users\cpercic\.m2\repository\org\junit\platform\junit-platform-suite-commons\1.12.2\junit-platform-suite-commons-1.12.2.jar;C:\Users\cpercic\.m2\repository\org\junit\platform\junit-platform-launcher\1.12.2\junit-platform-launcher-1.12.2.jar;C:\Users\cpercic\.m2\repository\org\junit\jupiter\junit-jupiter-api\5.12.2\junit-jupiter-api-5.12.2.jar;C:\Users\cpercic\.m2\repository\org\opentest4j\opentest4j\1.3.0\opentest4j-1.3.0.jar;C:\Users\cpercic\.m2\repository\org\junit\platform\junit-platform-commons\1.12.2\junit-platform-commons-1.12.2.jar;C:\Users\cpercic\.m2\repository\io\cucumber\cucumber-picocontainer\7.22.0\cucumber-picocontainer-7.22.0.jar;C:\Users\cpercic\.m2\repository\org\picocontainer\picocontainer\2.15.2\picocontainer-2.15.2.jar;C:\Users\cpercic\.m2\repository\com\microsoft\playwright\playwright\1.51.0\playwright-1.51.0.jar;C:\Users\cpercic\.m2\repository\com\google\code\gson\gson\2.12.1\gson-2.12.1.jar;C:\Users\cpercic\.m2\repository\com\google\errorprone\error_prone_annotations\2.36.0\error_prone_annotations-2.36.0.jar;C:\Users\cpercic\.m2\repository\com\microsoft\playwright\driver\1.51.0\driver-1.51.0.jar;C:\Users\cpercic\.m2\repository\com\microsoft\playwright\driver-bundle\1.51.0\driver-bundle-1.51.0.jar;C:\Users\cpercic\.m2\repository\junit\junit\4.13.2\junit-4.13.2.jar;C:\Users\cpercic\.m2\repository\org\hamcrest\hamcrest-core\1.3\hamcrest-core-1.3.jar;C:\Users\cpercic\.m2\repository\org\apache\logging\log4j\log4j-core\2.24.3\log4j-core-2.24.3.jar;C:\Users\cpercic\.m2\repository\org\apache\logging\log4j\log4j-api\2.24.3\log4j-api-2.24.3.jar;"/>
    <property name="sun.cpu.endian" value="little"/>
    <property name="user.home" value="C:\Users\cpercic"/>
    <property name="user.language" value="en"/>
    <property name="java.specification.vendor" value="Oracle Corporation"/>
    <property name="java.version.date" value="2025-01-21"/>
    <property name="java.home" value="C:\Tools\jdk-17.0.14+7"/>
    <property name="file.separator" value="\"/>
    <property name="basedir" value="C:\Users\cpercic\IdeaProjects\OrangeHRMPlaywrights"/>
    <property name="java.vm.compressedOopsMode" value="Zero based"/>
    <property name="line.separator" value="&#10;"/>
    <property name="java.vm.specification.vendor" value="Oracle Corporation"/>
    <property name="java.specification.name" value="Java Platform API Specification"/>
    <property name="surefire.real.class.path" value="C:\Endava\EndevLocal\AppData\Local\Temp\surefire6426738256894438859\surefirebooter-20250513105303387_3.jar"/>
    <property name="user.script" value=""/>
    <property name="sun.management.compiler" value="HotSpot 64-Bit Tiered Compilers"/>
    <property name="java.runtime.version" value="17.0.14+7"/>
    <property name="user.name" value="cpercic"/>
    <property name="path.separator" value=";"/>
    <property name="os.version" value="10.0"/>
    <property name="java.runtime.name" value="OpenJDK Runtime Environment"/>
    <property name="file.encoding" value="Cp1252"/>
    <property name="java.vm.name" value="OpenJDK 64-Bit Server VM"/>
    <property name="java.vendor.version" value="Temurin-17.0.14+7"/>
    <property name="localRepository" value="C:\Users\cpercic\.m2\repository"/>
    <property name="java.vendor.url.bug" value="https://github.com/adoptium/adoptium-support/issues"/>
    <property name="java.io.tmpdir" value="C:\Endava\ENDEVL~1\AppData\Local\Temp\"/>
    <property name="idea.version" value="2025.1"/>
    <property name="java.version" value="17.0.14"/>
    <property name="user.dir" value="C:\Users\cpercic\IdeaProjects\OrangeHRMPlaywrights"/>
    <property name="os.arch" value="amd64"/>
    <property name="java.vm.specification.name" value="Java Virtual Machine Specification"/>
    <property name="sun.os.patch.level" value=""/>
    <property name="native.encoding" value="Cp1252"/>
    <property name="java.library.path" value="C:\Tools\jdk-17.0.14+7\bin;C:\Windows\Sun\Java\bin;C:\Windows\system32;C:\Windows;C:\app\cpercic\product\21c\dbhomeXE\bin;C:\Windows\system32;C:\Windows;C:\Windows\System32\Wbem;C:\Windows\System32\WindowsPowerShell\v1.0\;C:\Windows\System32\OpenSSH\;C:\Program Files\Git\cmd;C:\Tools\apache-maven-3.9.9\bin;C:\Tools\jdk-17.0.14+7\bin;C:\Users\cpercic\AppData\Local\Microsoft\WindowsApps;;C:\Program Files\JetBrains\IntelliJ IDEA Community Edition 2024.3.5\bin;;."/>
    <property name="java.vm.info" value="mixed mode, sharing"/>
    <property name="java.vendor" value="Eclipse Adoptium"/>
    <property name="java.vm.version" value="17.0.14+7"/>
    <property name="java.specification.maintenance.version" value="1"/>
    <property name="sun.io.unicode.encoding" value="UnicodeLittle"/>
    <property name="java.class.version" value="61.0"/>
  </properties>
  <testcase name="Example #1.1" classname="Examples" time="0.0">
    <skipped message="&apos;cucumber.filter.tags=@Positive&apos; did not match this scenario"/>
  </testcase>
  <testcase name="Example #1.1" classname="Examples" time="14.642">
    <error message="Error {&#10;  message=&apos;Target page, context or browser has been closed&#10;  name=&apos;TargetClosedError&#10;  stack=&apos;TargetClosedError:Target page, context or browser has been closed&#10;Error&#10;    at captureRawStack (C:\Endava\ENDEVL~1\AppData\Local\Temp\playwright-java-13822793970080967420\package\lib\utils\isomorphic\stackTrace.js:36:17)&#10;    at LongStandingScope._race (C:\Endava\ENDEVL~1\AppData\Local\Temp\playwright-java-13822793970080967420\package\lib\utils\isomorphic\manualPromise.js:89:52)&#10;    at LongStandingScope.race (C:\Endava\ENDEVL~1\AppData\Local\Temp\playwright-java-13822793970080967420\package\lib\utils\isomorphic\manualPromise.js:82:17)&#10;    at ElementHandleDispatcher._handleCommand (C:\Endava\ENDEVL~1\AppData\Local\Temp\playwright-java-13822793970080967420\package\lib\server\dispatchers\dispatcher.js:98:36)&#10;    at DispatcherConnection.dispatch (C:\Endava\ENDEVL~1\AppData\Local\Temp\playwright-java-13822793970080967420\package\lib\server\dispatchers\dispatcher.js:366:39)&#10;}&#10;Call log:&#10;-   - attempting click action&#10;-     - waiting for element to be visible, enabled and stable&#10;-     - element is visible, enabled and stable&#10;-     - scrolling into view if needed&#10;-     - done scrolling&#10;-     - performing click action&#10;-     - click action done&#10;-     - waiting for scheduled navigations to finish&#10;" type="com.microsoft.playwright.impl.TargetClosedError"><![CDATA[com.microsoft.playwright.impl.TargetClosedError: 
Error {
  message='Target page, context or browser has been closed
  name='TargetClosedError
  stack='TargetClosedError:Target page, context or browser has been closed
Error
    at captureRawStack (C:\Endava\ENDEVL~1\AppData\Local\Temp\playwright-java-13822793970080967420\package\lib\utils\isomorphic\stackTrace.js:36:17)
    at LongStandingScope._race (C:\Endava\ENDEVL~1\AppData\Local\Temp\playwright-java-13822793970080967420\package\lib\utils\isomorphic\manualPromise.js:89:52)
    at LongStandingScope.race (C:\Endava\ENDEVL~1\AppData\Local\Temp\playwright-java-13822793970080967420\package\lib\utils\isomorphic\manualPromise.js:82:17)
    at ElementHandleDispatcher._handleCommand (C:\Endava\ENDEVL~1\AppData\Local\Temp\playwright-java-13822793970080967420\package\lib\server\dispatchers\dispatcher.js:98:36)
    at DispatcherConnection.dispatch (C:\Endava\ENDEVL~1\AppData\Local\Temp\playwright-java-13822793970080967420\package\lib\server\dispatchers\dispatcher.js:366:39)
}
Call log:
-   - attempting click action
-     - waiting for element to be visible, enabled and stable
-     - element is visible, enabled and stable
-     - scrolling into view if needed
-     - done scrolling
-     - performing click action
-     - click action done
-     - waiting for scheduled navigations to finish

	at com.microsoft.playwright.impl.WaitableResult.get(WaitableResult.java:54)
	at com.microsoft.playwright.impl.ChannelOwner.runUntil(ChannelOwner.java:132)
	at com.microsoft.playwright.impl.Connection.sendMessage(Connection.java:130)
	at com.microsoft.playwright.impl.ChannelOwner.sendMessage(ChannelOwner.java:118)
	at com.microsoft.playwright.impl.ElementHandleImpl.clickImpl(ElementHandleImpl.java:144)
	at com.microsoft.playwright.impl.ElementHandleImpl.lambda$click$6(ElementHandleImpl.java:136)
	at com.microsoft.playwright.impl.LoggingSupport.lambda$withLogging$0(LoggingSupport.java:36)
	at com.microsoft.playwright.impl.LoggingSupport.withLogging(LoggingSupport.java:47)
	at com.microsoft.playwright.impl.ChannelOwner.withLogging(ChannelOwner.java:97)
	at com.microsoft.playwright.impl.LoggingSupport.withLogging(LoggingSupport.java:35)
	at com.microsoft.playwright.impl.ElementHandleImpl.click(ElementHandleImpl.java:136)
	at com.microsoft.playwright.ElementHandle.click(ElementHandle.java:1343)
	at utilis.UIActions.waitAndClick(UIActions.java:14)
	at pages.ChangePasswordPage.open(ChangePasswordPage.java:18)
	at StepDefinition.ChangePasswordSteps.userIsOnTheChangePasswordPage(ChangePasswordSteps.java:15)
	at ✽.the user is on the Change password page(classpath:features/ChangePassword.feature:4)
Caused by: com.microsoft.playwright.impl.TargetClosedError: Error {
  message='Target page, context or browser has been closed
  name='TargetClosedError
  stack='TargetClosedError:Target page, context or browser has been closed
Error
    at captureRawStack (C:\Endava\ENDEVL~1\AppData\Local\Temp\playwright-java-13822793970080967420\package\lib\utils\isomorphic\stackTrace.js:36:17)
    at LongStandingScope._race (C:\Endava\ENDEVL~1\AppData\Local\Temp\playwright-java-13822793970080967420\package\lib\utils\isomorphic\manualPromise.js:89:52)
    at LongStandingScope.race (C:\Endava\ENDEVL~1\AppData\Local\Temp\playwright-java-13822793970080967420\package\lib\utils\isomorphic\manualPromise.js:82:17)
    at ElementHandleDispatcher._handleCommand (C:\Endava\ENDEVL~1\AppData\Local\Temp\playwright-java-13822793970080967420\package\lib\server\dispatchers\dispatcher.js:98:36)
    at DispatcherConnection.dispatch (C:\Endava\ENDEVL~1\AppData\Local\Temp\playwright-java-13822793970080967420\package\lib\server\dispatchers\dispatcher.js:366:39)
}
Call log:
-   - attempting click action
-     - waiting for element to be visible, enabled and stable
-     - element is visible, enabled and stable
-     - scrolling into view if needed
-     - done scrolling
-     - performing click action
-     - click action done
-     - waiting for scheduled navigations to finish

	at com.microsoft.playwright.impl.Connection.dispatch(Connection.java:256)
	at com.microsoft.playwright.impl.Connection.processOneMessage(Connection.java:211)
	at com.microsoft.playwright.impl.ChannelOwner.runUntil(ChannelOwner.java:130)
	... 14 more
]]></error>
    <system-out><![CDATA[10:53:17.122 [main] INFO  LoginPage - Navigate to https://opensource-demo.orangehrmlive.com/web/index.php/auth/login
]]></system-out>
  </testcase>
  <testcase name="Example #1.1" classname="Examples" time="0.003">
    <error message="Error {&#10;  message=&apos;Target page, context or browser has been closed&#10;  name=&apos;TargetClosedError&#10;  stack=&apos;TargetClosedError: Target page, context or browser has been closed&#10;    at DispatcherConnection.dispatch (C:\Endava\ENDEVL~1\AppData\Local\Temp\playwright-java-13822793970080967420\package\lib\server\dispatchers\dispatcher.js:283:44)&#10;    at transport.onmessage (C:\Endava\ENDEVL~1\AppData\Local\Temp\playwright-java-13822793970080967420\package\lib\cli\driver.js:52:57)&#10;    at Immediate._onImmediate (C:\Endava\ENDEVL~1\AppData\Local\Temp\playwright-java-13822793970080967420\package\lib\server\utils\pipeTransport.js:77:34)&#10;    at process.processImmediate (node:internal/timers:491:21)&#10;}" type="com.microsoft.playwright.impl.TargetClosedError"><![CDATA[com.microsoft.playwright.impl.TargetClosedError: 
Error {
  message='Target page, context or browser has been closed
  name='TargetClosedError
  stack='TargetClosedError: Target page, context or browser has been closed
    at DispatcherConnection.dispatch (C:\Endava\ENDEVL~1\AppData\Local\Temp\playwright-java-13822793970080967420\package\lib\server\dispatchers\dispatcher.js:283:44)
    at transport.onmessage (C:\Endava\ENDEVL~1\AppData\Local\Temp\playwright-java-13822793970080967420\package\lib\cli\driver.js:52:57)
    at Immediate._onImmediate (C:\Endava\ENDEVL~1\AppData\Local\Temp\playwright-java-13822793970080967420\package\lib\server\utils\pipeTransport.js:77:34)
    at process.processImmediate (node:internal/timers:491:21)
}
	at com.microsoft.playwright.impl.WaitableResult.get(WaitableResult.java:54)
	at com.microsoft.playwright.impl.ChannelOwner.runUntil(ChannelOwner.java:132)
	at com.microsoft.playwright.impl.Connection.sendMessage(Connection.java:130)
	at com.microsoft.playwright.impl.ChannelOwner.sendMessage(ChannelOwner.java:118)
	at com.microsoft.playwright.impl.FrameImpl.navigateImpl(FrameImpl.java:463)
	at com.microsoft.playwright.impl.PageImpl.lambda$navigate$47(PageImpl.java:943)
	at com.microsoft.playwright.impl.LoggingSupport.withLogging(LoggingSupport.java:47)
	at com.microsoft.playwright.impl.ChannelOwner.withLogging(ChannelOwner.java:97)
	at com.microsoft.playwright.impl.PageImpl.navigate(PageImpl.java:943)
	at com.microsoft.playwright.impl.PageImpl.navigate(PageImpl.java:42)
	at com.microsoft.playwright.Page.navigate(Page.java:5491)
	at pages.LoginPage.login(LoginPage.java:18)
	at pages.DisplaySugestionSReview.open(DisplaySugestionSReview.java:16)
	at StepDefinition.DisplaySugestionSReviewSteps.userIsLoggedIntoOrangeHRM(DisplaySugestionSReviewSteps.java:13)
	at ✽.the user is logged into OrangeHRM with valid credentials(classpath:features/DisplaySugestionSReview.feature:4)
Caused by: com.microsoft.playwright.impl.TargetClosedError: Error {
  message='Target page, context or browser has been closed
  name='TargetClosedError
  stack='TargetClosedError: Target page, context or browser has been closed
    at DispatcherConnection.dispatch (C:\Endava\ENDEVL~1\AppData\Local\Temp\playwright-java-13822793970080967420\package\lib\server\dispatchers\dispatcher.js:283:44)
    at transport.onmessage (C:\Endava\ENDEVL~1\AppData\Local\Temp\playwright-java-13822793970080967420\package\lib\cli\driver.js:52:57)
    at Immediate._onImmediate (C:\Endava\ENDEVL~1\AppData\Local\Temp\playwright-java-13822793970080967420\package\lib\server\utils\pipeTransport.js:77:34)
    at process.processImmediate (node:internal/timers:491:21)
}
	at com.microsoft.playwright.impl.Connection.dispatch(Connection.java:256)
	at com.microsoft.playwright.impl.Connection.processOneMessage(Connection.java:211)
	at com.microsoft.playwright.impl.ChannelOwner.runUntil(ChannelOwner.java:130)
	... 13 more
]]></error>
  </testcase>
  <testcase name="Deleting an education record from the Qualifications section" classname="The user can delete an education record from the Qualifications section" time="0.0">
    <error message="Error {&#10;  message=&apos;Target page, context or browser has been closed&#10;  name=&apos;TargetClosedError&#10;  stack=&apos;TargetClosedError: Target page, context or browser has been closed&#10;    at DispatcherConnection.dispatch (C:\Endava\ENDEVL~1\AppData\Local\Temp\playwright-java-13822793970080967420\package\lib\server\dispatchers\dispatcher.js:283:44)&#10;    at transport.onmessage (C:\Endava\ENDEVL~1\AppData\Local\Temp\playwright-java-13822793970080967420\package\lib\cli\driver.js:52:57)&#10;    at Immediate._onImmediate (C:\Endava\ENDEVL~1\AppData\Local\Temp\playwright-java-13822793970080967420\package\lib\server\utils\pipeTransport.js:77:34)&#10;    at process.processImmediate (node:internal/timers:491:21)&#10;}" type="com.microsoft.playwright.impl.TargetClosedError"><![CDATA[com.microsoft.playwright.impl.TargetClosedError: 
Error {
  message='Target page, context or browser has been closed
  name='TargetClosedError
  stack='TargetClosedError: Target page, context or browser has been closed
    at DispatcherConnection.dispatch (C:\Endava\ENDEVL~1\AppData\Local\Temp\playwright-java-13822793970080967420\package\lib\server\dispatchers\dispatcher.js:283:44)
    at transport.onmessage (C:\Endava\ENDEVL~1\AppData\Local\Temp\playwright-java-13822793970080967420\package\lib\cli\driver.js:52:57)
    at Immediate._onImmediate (C:\Endava\ENDEVL~1\AppData\Local\Temp\playwright-java-13822793970080967420\package\lib\server\utils\pipeTransport.js:77:34)
    at process.processImmediate (node:internal/timers:491:21)
}
	at com.microsoft.playwright.impl.WaitableResult.get(WaitableResult.java:54)
	at com.microsoft.playwright.impl.ChannelOwner.runUntil(ChannelOwner.java:132)
	at com.microsoft.playwright.impl.Connection.sendMessage(Connection.java:130)
	at com.microsoft.playwright.impl.ChannelOwner.sendMessage(ChannelOwner.java:118)
	at com.microsoft.playwright.impl.FrameImpl.navigateImpl(FrameImpl.java:463)
	at com.microsoft.playwright.impl.PageImpl.lambda$navigate$47(PageImpl.java:943)
	at com.microsoft.playwright.impl.LoggingSupport.withLogging(LoggingSupport.java:47)
	at com.microsoft.playwright.impl.ChannelOwner.withLogging(ChannelOwner.java:97)
	at com.microsoft.playwright.impl.PageImpl.navigate(PageImpl.java:943)
	at com.microsoft.playwright.impl.PageImpl.navigate(PageImpl.java:42)
	at com.microsoft.playwright.Page.navigate(Page.java:5491)
	at pages.LoginPage.login(LoginPage.java:18)
	at pages.DeletionEducationRecord.open(DeletionEducationRecord.java:17)
	at StepDefinition.DeletionEducationRecordSteps.userIsLoggedIntoOrangeHRM(DeletionEducationRecordSteps.java:15)
	at ✽.the user is logged into OrangeHRM(classpath:features/DeletionEducationRecord.feature:5)
Caused by: com.microsoft.playwright.impl.TargetClosedError: Error {
  message='Target page, context or browser has been closed
  name='TargetClosedError
  stack='TargetClosedError: Target page, context or browser has been closed
    at DispatcherConnection.dispatch (C:\Endava\ENDEVL~1\AppData\Local\Temp\playwright-java-13822793970080967420\package\lib\server\dispatchers\dispatcher.js:283:44)
    at transport.onmessage (C:\Endava\ENDEVL~1\AppData\Local\Temp\playwright-java-13822793970080967420\package\lib\cli\driver.js:52:57)
    at Immediate._onImmediate (C:\Endava\ENDEVL~1\AppData\Local\Temp\playwright-java-13822793970080967420\package\lib\server\utils\pipeTransport.js:77:34)
    at process.processImmediate (node:internal/timers:491:21)
}
	at com.microsoft.playwright.impl.Connection.dispatch(Connection.java:256)
	at com.microsoft.playwright.impl.Connection.processOneMessage(Connection.java:211)
	at com.microsoft.playwright.impl.ChannelOwner.runUntil(ChannelOwner.java:130)
	... 13 more
]]></error>
  </testcase>
  <testcase name="Login page" classname="Login page authentication" time="0.0">
    <skipped message="&apos;cucumber.filter.tags=@Positive&apos; did not match this scenario"/>
  </testcase>
  <testcase name="User receives a confirmation message when terminating an employee" classname="Termination confirmation when ending employee contract" time="0.007">
    <error message="Error {&#10;  message=&apos;Target page, context or browser has been closed&#10;  name=&apos;TargetClosedError&#10;  stack=&apos;TargetClosedError: Target page, context or browser has been closed&#10;    at DispatcherConnection.dispatch (C:\Endava\ENDEVL~1\AppData\Local\Temp\playwright-java-13822793970080967420\package\lib\server\dispatchers\dispatcher.js:283:44)&#10;    at transport.onmessage (C:\Endava\ENDEVL~1\AppData\Local\Temp\playwright-java-13822793970080967420\package\lib\cli\driver.js:52:57)&#10;    at Immediate._onImmediate (C:\Endava\ENDEVL~1\AppData\Local\Temp\playwright-java-13822793970080967420\package\lib\server\utils\pipeTransport.js:77:34)&#10;    at process.processImmediate (node:internal/timers:491:21)&#10;}" type="com.microsoft.playwright.impl.TargetClosedError"><![CDATA[com.microsoft.playwright.impl.TargetClosedError: 
Error {
  message='Target page, context or browser has been closed
  name='TargetClosedError
  stack='TargetClosedError: Target page, context or browser has been closed
    at DispatcherConnection.dispatch (C:\Endava\ENDEVL~1\AppData\Local\Temp\playwright-java-13822793970080967420\package\lib\server\dispatchers\dispatcher.js:283:44)
    at transport.onmessage (C:\Endava\ENDEVL~1\AppData\Local\Temp\playwright-java-13822793970080967420\package\lib\cli\driver.js:52:57)
    at Immediate._onImmediate (C:\Endava\ENDEVL~1\AppData\Local\Temp\playwright-java-13822793970080967420\package\lib\server\utils\pipeTransport.js:77:34)
    at process.processImmediate (node:internal/timers:491:21)
}
	at com.microsoft.playwright.impl.WaitableResult.get(WaitableResult.java:54)
	at com.microsoft.playwright.impl.ChannelOwner.runUntil(ChannelOwner.java:132)
	at com.microsoft.playwright.impl.Connection.sendMessage(Connection.java:130)
	at com.microsoft.playwright.impl.ChannelOwner.sendMessage(ChannelOwner.java:118)
	at com.microsoft.playwright.impl.FrameImpl.navigateImpl(FrameImpl.java:463)
	at com.microsoft.playwright.impl.PageImpl.lambda$navigate$47(PageImpl.java:943)
	at com.microsoft.playwright.impl.LoggingSupport.withLogging(LoggingSupport.java:47)
	at com.microsoft.playwright.impl.ChannelOwner.withLogging(ChannelOwner.java:97)
	at com.microsoft.playwright.impl.PageImpl.navigate(PageImpl.java:943)
	at com.microsoft.playwright.impl.PageImpl.navigate(PageImpl.java:42)
	at com.microsoft.playwright.Page.navigate(Page.java:5491)
	at pages.LoginPage.login(LoginPage.java:18)
	at pages.DeletionEducationRecord.open(DeletionEducationRecord.java:17)
	at StepDefinition.DeletionEducationRecordSteps.userIsLoggedIntoOrangeHRM(DeletionEducationRecordSteps.java:15)
	at ✽.the user is logged into OrangeHRM(classpath:features/TerminationConfirmation.feature:4)
Caused by: com.microsoft.playwright.impl.TargetClosedError: Error {
  message='Target page, context or browser has been closed
  name='TargetClosedError
  stack='TargetClosedError: Target page, context or browser has been closed
    at DispatcherConnection.dispatch (C:\Endava\ENDEVL~1\AppData\Local\Temp\playwright-java-13822793970080967420\package\lib\server\dispatchers\dispatcher.js:283:44)
    at transport.onmessage (C:\Endava\ENDEVL~1\AppData\Local\Temp\playwright-java-13822793970080967420\package\lib\cli\driver.js:52:57)
    at Immediate._onImmediate (C:\Endava\ENDEVL~1\AppData\Local\Temp\playwright-java-13822793970080967420\package\lib\server\utils\pipeTransport.js:77:34)
    at process.processImmediate (node:internal/timers:491:21)
}
	at com.microsoft.playwright.impl.Connection.dispatch(Connection.java:256)
	at com.microsoft.playwright.impl.Connection.processOneMessage(Connection.java:211)
	at com.microsoft.playwright.impl.ChannelOwner.runUntil(ChannelOwner.java:130)
	... 13 more
]]></error>
  </testcase>
</testsuite>